 
cpldfit:  version K.31                              Xilinx Inc.
                                  Fitter Report
Design Name: sender                              Date:  1-26-2012,  7:10PM
Device Used: XC9536-5-PC44
Fitting Status: Successful

*************************  Mapped Resource Summary  **************************

Macrocells     Product Terms    Function Block   Registers      Pins           
Used/Tot       Used/Tot         Inps Used/Tot    Used/Tot       Used/Tot       
14 /36  ( 39%) 29  /180  ( 16%) 20 /72  ( 28%)   14 /36  ( 39%) 8  /34  ( 24%)

** Function Block Resources **

Function    Mcells      FB Inps     Signals     Pterms      IO          
Block       Used/Tot    Used/Tot    Used        Used/Tot    Used/Tot    
FB1          14/18       20/36       20          29/90       1/17
FB2           0/18        0/36        0           0/90       0/17
             -----       -----                   -----       -----     
             14/36       20/72                   29/180      1/34 

* - Resource is exhausted

** Global Control Resources **

Signal 'clk' mapped onto global clock net GCK1.
Global output enable net(s) unused.
Signal 'reset' mapped onto global set/reset net GSR.

** Pin Resources **

Signal Type    Required     Mapped  |  Pin Type            Used    Total 
------------------------------------|------------------------------------
Input         :    5           5    |  I/O              :     6      28
Output        :    0           0    |  GCK/IO           :     1       3
Bidirectional :    1           1    |  GTS/IO           :     0       2
GCK           :    1           1    |  GSR/IO           :     1       1
GTS           :    0           0    |
GSR           :    1           1    |
                 ----        ----
        Total      8           8

** Power Data **

There are 14 macrocells in high performance mode (MCHP).
There are 0 macrocells in low power mode (MCLP).
End of Mapped Resource Summary
*************************  Summary of Mapped Logic  ************************

** 1 Outputs **

Signal              Total Total Loc     Pin  Pin     Pin     Pwr  Slew Reg Init
Name                Pts   Inps          No.  Type    Use     Mode Rate State
u                   2     3     FB1_2   3    I/O     I/O     STD  FAST RESET

** 13 Buried Nodes **

Signal              Total Total Loc     Pwr  Reg Init
Name                Pts   Inps          Mode State
qs_FSM_FFd2         1     3     FB1_6   STD  RESET
qc_0                1     2     FB1_7   STD  RESET
strobe_pulse        2     4     FB1_8   STD  RESET
qs_FSM_FFd1         2     3     FB1_9   STD  RESET
qr<4>               2     4     FB1_10  STD  RESET
qr<0>               2     4     FB1_11  STD  RESET
qc<3>               2     5     FB1_12  STD  RESET
qc<2>               2     4     FB1_13  STD  RESET
qc<1>               2     3     FB1_14  STD  RESET
cr                  2     6     FB1_15  STD  RESET
qr<3>               3     5     FB1_16  STD  RESET
qr<2>               3     5     FB1_17  STD  RESET
qr<1>               3     5     FB1_18  STD  RESET

** 7 Inputs **

Signal              Loc     Pin  Pin     Pin     
Name                        No.  Type    Use     
clk                 FB1_3   5~   GCK/I/O GCK
d<1>                FB1_6   8    I/O     I
strobe              FB1_8   9    I/O     I
d<4>                FB1_9   11   I/O     I
reset               FB2_6   39~  GSR/I/O GSR/I
d<3>                FB2_9   36   I/O     I
d<2>                FB2_10  35   I/O     I

Legend:
Pin No. - ~ - User Assigned
**************************  Function Block Details  ************************
Legend:
Total Pt     - Total product terms used by the macrocell signal
Imp Pt       - Product terms imported from other macrocells
Exp Pt       - Product terms exported to other macrocells
               in direction shown
Unused Pt    - Unused local product terms remaining in macrocell
Loc          - Location where logic was mapped in device
Pin Type/Use - I  - Input             GCK - Global Clock
               O  - Output            GTS - Global Output Enable
              (b) - Buried macrocell  GSR - Global Set/Reset
X(@)         - Signal used as input (wire-AND input) to the macrocell logic.
               The number of Signals Used may exceed the number of FB Inputs
               Used due to wire-ANDing in the switch matrix.
Pin No.      - ~  - User Assigned
*********************************** FB1  ***********************************
Number of function block inputs used/remaining:               20/16
Number of signals used by logic mapping into function block:  20
Signal              Total   Imp   Exp Unused  Loc     Pin   Pin     Pin
Name                Pt      Pt    Pt  Pt               #    Type    Use
(unused)              0       0     0   5     FB1_1   2     I/O     
u                     2       0     0   3     FB1_2   3     I/O     I/O
(unused)              0       0     0   5     FB1_3   5     GCK/I/O GCK
(unused)              0       0     0   5     FB1_4   4     I/O     
(unused)              0       0     0   5     FB1_5   6     GCK/I/O 
qs_FSM_FFd2           1       0     0   4     FB1_6   8     I/O     I
qc_0                  1       0     0   4     FB1_7   7     GCK/I/O (b)
strobe_pulse          2       0     0   3     FB1_8   9     I/O     I
qs_FSM_FFd1           2       0     0   3     FB1_9   11    I/O     I
qr<4>                 2       0     0   3     FB1_10  12    I/O     (b)
qr<0>                 2       0     0   3     FB1_11  13    I/O     (b)
qc<3>                 2       0     0   3     FB1_12  14    I/O     (b)
qc<2>                 2       0     0   3     FB1_13  18    I/O     (b)
qc<1>                 2       0     0   3     FB1_14  19    I/O     (b)
cr                    2       0     0   3     FB1_15  20    I/O     (b)
qr<3>                 3       0     0   2     FB1_16  22    I/O     (b)
qr<2>                 3       0     0   2     FB1_17  24    I/O     (b)
qr<1>                 3       0     0   2     FB1_18        (b)     (b)

Signals Used by Logic in Function Block
  1: cr                 8: qc<3>             15: qs_FSM_FFd1 
  2: d<1>               9: qc_0              16: qs_FSM_FFd2 
  3: d<2>              10: qr<0>             17: reset 
  4: d<3>              11: qr<1>             18: strobe 
  5: d<4>              12: qr<2>             19: strobe_pulse 
  6: qc<1>             13: qr<3>             20: u.PIN 
  7: qc<2>             14: qr<4>            

Signal                        1         2         3         4 Signals FB
Name                0----+----0----+----0----+----0----+----0 Used    Inputs
u                    .........X......X..X.................... 3       3
qs_FSM_FFd2          ..............XX.X...................... 3       3
qc_0                 ........X.........X..................... 2       2
strobe_pulse         ..............XX.XX..................... 4       4
qs_FSM_FFd1          ..............XX.X...................... 3       3
qr<4>                X...X........X....X..................... 4       4
qr<0>                X........XX.......X..................... 4       4
qc<3>                .....XXXX.........X..................... 5       5
qc<2>                .....XX.X.........X..................... 4       4
qc<1>                .....X..X.........X..................... 3       3
cr                   X....XXXX.......X....................... 6       6
qr<3>                X..X........XX....X..................... 5       5
qr<2>                X.X........XX.....X..................... 5       5
qr<1>                XX........XX......X..................... 5       5
                    0----+----1----+----2----+----3----+----4
                              0         0         0         0
*********************************** FB2  ***********************************
Number of function block inputs used/remaining:               0/36
Number of signals used by logic mapping into function block:  0
Signal              Total   Imp   Exp Unused  Loc     Pin   Pin     Pin
Name                Pt      Pt    Pt  Pt               #    Type    Use
(unused)              0       0     0   5     FB2_1   1     I/O     
(unused)              0       0     0   5     FB2_2   44    I/O     
(unused)              0       0     0   5     FB2_3   42    GTS/I/O 
(unused)              0       0     0   5     FB2_4   43    I/O     
(unused)              0       0     0   5     FB2_5   40    GTS/I/O 
(unused)              0       0     0   5     FB2_6   39    GSR/I/O GSR/I
(unused)              0       0     0   5     FB2_7   38    I/O     
(unused)              0       0     0   5     FB2_8   37    I/O     
(unused)              0       0     0   5     FB2_9   36    I/O     I
(unused)              0       0     0   5     FB2_10  35    I/O     I
(unused)              0       0     0   5     FB2_11  34    I/O     
(unused)              0       0     0   5     FB2_12  33    I/O     
(unused)              0       0     0   5     FB2_13  29    I/O     
(unused)              0       0     0   5     FB2_14  28    I/O     
(unused)              0       0     0   5     FB2_15  27    I/O     
(unused)              0       0     0   5     FB2_16  26    I/O     
(unused)              0       0     0   5     FB2_17  25    I/O     
(unused)              0       0     0   5     FB2_18        (b)     
*******************************  Equations  ********************************

********** Mapped Logic **********

FDCPE_cr: FDCPE port map (cr,cr_D,clk,'0','0');
cr_D <= ((reset AND cr)
	OR (NOT reset AND qc_0 AND qc(1) AND qc(2) AND qc(3)));

FDCPE_qc1: FDCPE port map (qc(1),qc_D(1),clk,reset,'0');
qc_D(1) <= ((NOT strobe_pulse AND qc_0 AND NOT qc(1))
	OR (NOT strobe_pulse AND NOT qc_0 AND qc(1)));

FTCPE_qc2: FTCPE port map (qc(2),qc_T(2),clk,reset,'0');
qc_T(2) <= ((strobe_pulse AND qc(2))
	OR (NOT strobe_pulse AND qc_0 AND qc(1)));

FTCPE_qc3: FTCPE port map (qc(3),qc_T(3),clk,reset,'0');
qc_T(3) <= ((strobe_pulse AND qc(3))
	OR (NOT strobe_pulse AND qc_0 AND qc(1) AND qc(2)));

FDCPE_qc_0: FDCPE port map (qc_0,qc_0_D,clk,reset,'0');
qc_0_D <= (NOT strobe_pulse AND NOT qc_0);

FDCPE_qr0: FDCPE port map (qr(0),qr_D(0),clk,reset,'0');
qr_D(0) <= ((NOT strobe_pulse AND NOT qr(0) AND NOT cr)
	OR (NOT strobe_pulse AND NOT qr(1) AND cr));

FDCPE_qr1: FDCPE port map (qr(1),qr_D(1),clk,reset,'0');
qr_D(1) <= ((strobe_pulse AND d(1))
	OR (NOT strobe_pulse AND qr(1) AND NOT cr)
	OR (NOT strobe_pulse AND qr(2) AND cr));

FDCPE_qr2: FDCPE port map (qr(2),qr_D(2),clk,reset,'0');
qr_D(2) <= ((strobe_pulse AND d(2))
	OR (NOT strobe_pulse AND qr(2) AND NOT cr)
	OR (NOT strobe_pulse AND qr(3) AND cr));

FDCPE_qr3: FDCPE port map (qr(3),qr_D(3),clk,reset,'0');
qr_D(3) <= ((strobe_pulse AND d(3))
	OR (NOT strobe_pulse AND qr(3) AND NOT cr)
	OR (NOT strobe_pulse AND qr(4) AND cr));

FDCPE_qr4: FDCPE port map (qr(4),qr_D(4),clk,reset,'0');
qr_D(4) <= ((strobe_pulse AND d(4))
	OR (NOT strobe_pulse AND qr(4) AND NOT cr));

FDCPE_qs_FSM_FFd1: FDCPE port map (qs_FSM_FFd1,qs_FSM_FFd1_D,clk,reset,'0');
qs_FSM_FFd1_D <= ((qs_FSM_FFd2)
	OR (qs_FSM_FFd1 AND strobe));

FDCPE_qs_FSM_FFd2: FDCPE port map (qs_FSM_FFd2,qs_FSM_FFd2_D,clk,reset,'0');
qs_FSM_FFd2_D <= (NOT qs_FSM_FFd1 AND strobe AND NOT qs_FSM_FFd2);

FDCPE_strobe_pulse: FDCPE port map (strobe_pulse,strobe_pulse_D,clk,reset,'0');
strobe_pulse_D <= ((strobe_pulse AND NOT qs_FSM_FFd2)
	OR (NOT qs_FSM_FFd1 AND strobe AND NOT qs_FSM_FFd2));

FDCPE_u: FDCPE port map (u,u_D,clk,'0','0');
u_D <= ((reset AND u.PIN)
	OR (NOT reset AND qr(0)));

Register Legend:
 FDCPE (Q,D,C,CLR,PRE); 
 FTCPE (Q,D,C,CLR,PRE); 
 LDCP  (Q,D,G,CLR,PRE); 

******************************  Device Pin Out *****************************

Device : XC9536-5-PC44


   --------------------------------  
  /6  5  4  3  2  1  44 43 42 41 40 \
 | 7                             39 | 
 | 8                             38 | 
 | 9                             37 | 
 | 10                            36 | 
 | 11         XC9536-5-PC44      35 | 
 | 12                            34 | 
 | 13                            33 | 
 | 14                            32 | 
 | 15                            31 | 
 | 16                            30 | 
 | 17                            29 | 
 \ 18 19 20 21 22 23 24 25 26 27 28 /
   --------------------------------  


Pin Signal                         Pin Signal                        
No. Name                           No. Name                          
  1 TIE                              23 GND                           
  2 TIE                              24 TIE                           
  3 u                                25 TIE                           
  4 TIE                              26 TIE                           
  5 clk                              27 TIE                           
  6 TIE                              28 TIE                           
  7 TIE                              29 TIE                           
  8 d<1>                             30 TDO                           
  9 strobe                           31 GND                           
 10 GND                              32 VCC                           
 11 d<4>                             33 TIE                           
 12 TIE                              34 TIE                           
 13 TIE                              35 d<2>                          
 14 TIE                              36 d<3>                          
 15 TDI                              37 TIE                           
 16 TMS                              38 TIE                           
 17 TCK                              39 reset                         
 18 TIE                              40 TIE                           
 19 TIE                              41 VCC                           
 20 TIE                              42 TIE                           
 21 VCC                              43 TIE                           
 22 TIE                              44 TIE                           


Legend :  NC  = Not Connected, unbonded pin
         PGND = Unused I/O configured as additional Ground pin
         TIE  = Unused I/O floating -- must tie to VCC, GND or other signal
         VCC  = Dedicated Power Pin
         GND  = Dedicated Ground Pin
         TDI  = Test Data In, JTAG pin
         TDO  = Test Data Out, JTAG pin
         TCK  = Test Clock, JTAG pin
         TMS  = Test Mode Select, JTAG pin
  PROHIBITED  = User reserved pin
****************************  Compiler Options  ****************************

Following is a list of all global compiler options used by the fitter run.

Device(s) Specified                         : xc9536-5-PC44
Optimization Method                         : SPEED
Multi-Level Logic Optimization              : ON
Ignore Timing Specifications                : OFF
Default Register Power Up Value             : LOW
Keep User Location Constraints              : ON
What-You-See-Is-What-You-Get                : OFF
Exhaustive Fitting                          : OFF
Keep Unused Inputs                          : OFF
Slew Rate                                   : FAST
Power Mode                                  : STD
Ground on Unused IOs                        : OFF
Global Clock Optimization                   : ON
Global Set/Reset Optimization               : ON
Global Ouput Enable Optimization            : ON
FASTConnect/UIM optimzation                 : ON
Local Feedback                              : ON
Pin Feedback                                : ON
Input Limit                                 : 36
Pterm Limit                                 : 25
